# JRE version: Java(TM) SE Runtime Environment (8.0_05-b13) (build 1.8.0_05-b13)
# Java VM: Java HotSpot(TM) 64-Bit Server VM (25.5-b02 mixed mode windows-amd64 compressed oops)
Heap:
 PSYoungGen      total 18944K, used 17753K [0x00000000eab00000, 0x00000000ecd00000, 0x0000000100000000)
  eden space 10240K, 100% used [0x00000000eab00000,0x00000000eb500000,0x00000000eb500000)
  from space 8704K, 86% used [0x00000000eb500000,0x00000000ebc56550,0x00000000ebd80000)
  to   space 11264K, 52% used [0x00000000ec200000,0x00000000ec7c74d8,0x00000000ecd00000)
 ParOldGen       total 22528K, used 18262K [0x00000000c0000000, 0x00000000c1600000, 0x00000000eab00000)
  object space 22528K, 81% used [0x00000000c0000000,0x00000000c11d5918,0x00000000c1600000)
 Metaspace       used 5789K, capacity 6832K, committed 7040K, reserved 1058816K
  class space    used 593K, capacity 616K, committed 640K, reserved 1048576K
GC Heap History (10 events):
Event: 0.745 GC heap after
Heap after GC invocations=19 (full 2):
 PSYoungGen      total 14848K, used 6132K [0x00000000eab00000, 0x00000000ec600000, 0x0000000100000000)
  eden space 8704K, 0% used [0x00000000eab00000,0x00000000eab00000,0x00000000eb380000)
  from space 6144K, 99% used [0x00000000eb380000,0x00000000eb97d1c0,0x00000000eb980000)
  to   space 8192K, 0% used [0x00000000ebe00000,0x00000000ebe00000,0x00000000ec600000)
 ParOldGen       total 10752K, used 10475K [0x00000000c0000000, 0x00000000c0a80000, 0x00000000eab00000)
  object space 10752K, 97% used [0x00000000c0000000,0x00000000c0a3af00,0x00000000c0a80000)
 Metaspace       used 5710K, capacity 6768K, committed 7040K, reserved 1058816K
  class space    used 590K, capacity 616K, committed 640K, reserved 1048576K
}
Event: 0.745 GC heap before
{Heap before GC invocations=20 (full 3):
 PSYoungGen      total 14848K, used 6132K [0x00000000eab00000, 0x00000000ec600000, 0x0000000100000000)
  eden space 8704K, 0% used [0x00000000eab00000,0x00000000eab00000,0x00000000eb380000)
  from space 6144K, 99% used [0x00000000eb380000,0x00000000eb97d1c0,0x00000000eb980000)
  to   space 8192K, 0% used [0x00000000ebe00000,0x00000000ebe00000,0x00000000ec600000)
 ParOldGen       total 10752K, used 10475K [0x00000000c0000000, 0x00000000c0a80000, 0x00000000eab00000)
  object space 10752K, 97% used [0x00000000c0000000,0x00000000c0a3af00,0x00000000c0a80000)
 Metaspace       used 5710K, capacity 6768K, committed 7040K, reserved 1058816K
  class space    used 590K, capacity 616K, committed 640K, reserved 1048576K
Event: 0.845 GC heap after
Heap after GC invocations=20 (full 3):
 PSYoungGen      total 14848K, used 4713K [0x00000000eab00000, 0x00000000ec600000, 0x0000000100000000)
  eden space 8704K, 0% used [0x00000000eab00000,0x00000000eab00000,0x00000000eb380000)
  from space 6144K, 76% used [0x00000000eb380000,0x00000000eb81a638,0x00000000eb980000)
  to   space 8192K, 0% used [0x00000000ebe00000,0x00000000ebe00000,0x00000000ec600000)
 ParOldGen       total 15872K, used 10567K [0x00000000c0000000, 0x00000000c0f80000, 0x00000000eab00000)
  object space 15872K, 66% used [0x00000000c0000000,0x00000000c0a51d90,0x00000000c0f80000)
 Metaspace       used 5710K, capacity 6768K, committed 7040K, reserved 1058816K
  class space    used 590K, capacity 616K, committed 640K, reserved 1048576K
}
Event: 0.866 GC heap before
{Heap before GC invocations=21 (full 3):
 PSYoungGen      total 14848K, used 13417K [0x00000000eab00000, 0x00000000ec600000, 0x0000000100000000)
  eden space 8704K, 100% used [0x00000000eab00000,0x00000000eb380000,0x00000000eb380000)
  from space 6144K, 76% used [0x00000000eb380000,0x00000000eb81a638,0x00000000eb980000)
  to   space 8192K, 0% used [0x00000000ebe00000,0x00000000ebe00000,0x00000000ec600000)
 ParOldGen       total 15872K, used 10567K [0x00000000c0000000, 0x00000000c0f80000, 0x00000000eab00000)
  object space 15872K, 66% used [0x00000000c0000000,0x00000000c0a51d90,0x00000000c0f80000)
 Metaspace       used 5714K, capacity 6768K, committed 7040K, reserved 1058816K
  class space    used 591K, capacity 616K, committed 640K, reserved 1048576K
Event: 0.878 GC heap after
Heap after GC invocations=21 (full 3):
 PSYoungGen      total 18432K, used 5765K [0x00000000eab00000, 0x00000000ec600000, 0x0000000100000000)
  eden space 10240K, 0% used [0x00000000eab00000,0x00000000eab00000,0x00000000eb500000)
  from space 8192K, 70% used [0x00000000ebe00000,0x00000000ec3a1778,0x00000000ec600000)
  to   space 8704K, 0% used [0x00000000eb500000,0x00000000eb500000,0x00000000ebd80000)
 ParOldGen       total 15872K, used 13024K [0x00000000c0000000, 0x00000000c0f80000, 0x00000000eab00000)
  object space 15872K, 82% used [0x00000000c0000000,0x00000000c0cb82e8,0x00000000c0f80000)
 Metaspace       used 5714K, capacity 6768K, committed 7040K, reserved 1058816K
  class space    used 591K, capacity 616K, committed 640K, reserved 1048576K
}
Event: 0.892 GC heap before
{Heap before GC invocations=22 (full 3):
 PSYoungGen      total 18432K, used 16005K [0x00000000eab00000, 0x00000000ec600000, 0x0000000100000000)
  eden space 10240K, 100% used [0x00000000eab00000,0x00000000eb500000,0x00000000eb500000)
  from space 8192K, 70% used [0x00000000ebe00000,0x00000000ec3a1778,0x00000000ec600000)
  to   space 8704K, 0% used [0x00000000eb500000,0x00000000eb500000,0x00000000ebd80000)
 ParOldGen       total 15872K, used 13024K [0x00000000c0000000, 0x00000000c0f80000, 0x00000000eab00000)
  object space 15872K, 82% used [0x00000000c0000000,0x00000000c0cb82e8,0x00000000c0f80000)
 Metaspace       used 5719K, capacity 6768K, committed 7040K, reserved 1058816K
  class space    used 592K, capacity 616K, committed 640K, reserved 1048576K
Event: 0.903 GC heap after
Heap after GC invocations=22 (full 3):
 PSYoungGen      total 18944K, used 8703K [0x00000000eab00000, 0x00000000ecd00000, 0x0000000100000000)
  eden space 10240K, 0% used [0x00000000eab00000,0x00000000eab00000,0x00000000eb500000)
  from space 8704K, 99% used [0x00000000eb500000,0x00000000ebd7fe78,0x00000000ebd80000)
  to   space 11264K, 0% used [0x00000000ec200000,0x00000000ec200000,0x00000000ecd00000)
 ParOldGen       total 15872K, used 15140K [0x00000000c0000000, 0x00000000c0f80000, 0x00000000eab00000)
  object space 15872K, 95% used [0x00000000c0000000,0x00000000c0ec91a0,0x00000000c0f80000)
 Metaspace       used 5719K, capacity 6768K, committed 7040K, reserved 1058816K
  class space    used 592K, capacity 616K, committed 640K, reserved 1048576K
}
Event: 0.903 GC heap before
{Heap before GC invocations=23 (full 4):
 PSYoungGen      total 18944K, used 8703K [0x00000000eab00000, 0x00000000ecd00000, 0x0000000100000000)
  eden space 10240K, 0% used [0x00000000eab00000,0x00000000eab00000,0x00000000eb500000)
  from space 8704K, 99% used [0x00000000eb500000,0x00000000ebd7fe78,0x00000000ebd80000)
  to   space 11264K, 0% used [0x00000000ec200000,0x00000000ec200000,0x00000000ecd00000)
 ParOldGen       total 15872K, used 15140K [0x00000000c0000000, 0x00000000c0f80000, 0x00000000eab00000)
  object space 15872K, 95% used [0x00000000c0000000,0x00000000c0ec91a0,0x00000000c0f80000)
 Metaspace       used 5719K, capacity 6768K, committed 7040K, reserved 1058816K
  class space    used 592K, capacity 616K, committed 640K, reserved 1048576K
Event: 1.230 GC heap after
Heap after GC invocations=23 (full 4):
 PSYoungGen      total 18944K, used 7513K [0x00000000eab00000, 0x00000000ecd00000, 0x0000000100000000)
  eden space 10240K, 0% used [0x00000000eab00000,0x00000000eab00000,0x00000000eb500000)
  from space 8704K, 86% used [0x00000000eb500000,0x00000000ebc56550,0x00000000ebd80000)
  to   space 11264K, 0% used [0x00000000ec200000,0x00000000ec200000,0x00000000ecd00000)
 ParOldGen       total 22528K, used 15533K [0x00000000c0000000, 0x00000000c1600000, 0x00000000eab00000)
  object space 22528K, 68% used [0x00000000c0000000,0x00000000c0f2b578,0x00000000c1600000)
 Metaspace       used 5719K, capacity 6768K, committed 7040K, reserved 1058816K
  class space    used 592K, capacity 616K, committed 640K, reserved 1048576K
}
Event: 1.394 GC heap before
{Heap before GC invocations=24 (full 4):
 PSYoungGen      total 18944K, used 17753K [0x00000000eab00000, 0x00000000ecd00000, 0x0000000100000000)
  eden space 10240K, 100% used [0x00000000eab00000,0x00000000eb500000,0x00000000eb500000)
  from space 8704K, 86% used [0x00000000eb500000,0x00000000ebc56550,0x00000000ebd80000)
  to   space 11264K, 0% used [0x00000000ec200000,0x00000000ec200000,0x00000000ecd00000)
 ParOldGen       total 22528K, used 15533K [0x00000000c0000000, 0x00000000c1600000, 0x00000000eab00000)
  object space 22528K, 68% used [0x00000000c0000000,0x00000000c0f2b578,0x00000000c1600000)
 Metaspace       used 5789K, capacity 6832K, committed 7040K, reserved 1058816K
  class space    used 593K, capacity 616K, committed 640K, reserved 1048576K

