# JRE version: Java(TM) SE Runtime Environment (8.0_05-b13) (build 1.8.0_05-b13)
# Java VM: Java HotSpot(TM) 64-Bit Server VM (25.5-b02 mixed mode windows-amd64 compressed oops)
Heap:
 PSYoungGen      total 61440K, used 17287K [0x00000000eab00000, 0x00000000ef500000, 0x0000000100000000)
  eden space 48640K, 20% used [0x00000000eab00000,0x00000000eb4ab1f0,0x00000000eda80000)
  from space 12800K, 57% used [0x00000000ee780000,0x00000000eeeb6d58,0x00000000ef400000)
  to   space 13312K, 0% used [0x00000000eda80000,0x00000000eda80000,0x00000000ee780000)
 ParOldGen       total 129536K, used 38617K [0x00000000c0000000, 0x00000000c7e80000, 0x00000000eab00000)
  object space 129536K, 29% used [0x00000000c0000000,0x00000000c25b6640,0x00000000c7e80000)
 Metaspace       used 5966K, capacity 6960K, committed 7040K, reserved 1056768K
  class space    used 600K, capacity 616K, committed 640K, reserved 1048576K
GC Heap History (10 events):
Event: 1.955 GC heap before
{Heap before GC invocations=12 (full 0):
 PSYoungGen      total 16384K, used 16371K [0x00000000eab00000, 0x00000000ecb00000, 0x0000000100000000)
  eden space 13312K, 100% used [0x00000000eab00000,0x00000000eb800000,0x00000000eb800000)
  from space 3072K, 99% used [0x00000000eb800000,0x00000000ebafcfc8,0x00000000ebb00000)
  to   space 5632K, 0% used [0x00000000ec580000,0x00000000ec580000,0x00000000ecb00000)
 ParOldGen       total 129536K, used 9460K [0x00000000c0000000, 0x00000000c7e80000, 0x00000000eab00000)
  object space 129536K, 7% used [0x00000000c0000000,0x00000000c093d2e8,0x00000000c7e80000)
 Metaspace       used 5737K, capacity 6832K, committed 7040K, reserved 1056768K
  class space    used 586K, capacity 616K, committed 640K, reserved 1048576K
Event: 1.968 GC heap after
Heap after GC invocations=12 (full 0):
 PSYoungGen      total 24576K, used 5627K [0x00000000eab00000, 0x00000000ed000000, 0x0000000100000000)
  eden space 18944K, 0% used [0x00000000eab00000,0x00000000eab00000,0x00000000ebd80000)
  from space 5632K, 99% used [0x00000000ec580000,0x00000000ecafec80,0x00000000ecb00000)
  to   space 8192K, 0% used [0x00000000ebd80000,0x00000000ebd80000,0x00000000ec580000)
 ParOldGen       total 129536K, used 14490K [0x00000000c0000000, 0x00000000c7e80000, 0x00000000eab00000)
  object space 129536K, 11% used [0x00000000c0000000,0x00000000c0e26a90,0x00000000c7e80000)
 Metaspace       used 5737K, capacity 6832K, committed 7040K, reserved 1056768K
  class space    used 586K, capacity 616K, committed 640K, reserved 1048576K
}
Event: 2.041 GC heap before
{Heap before GC invocations=13 (full 0):
 PSYoungGen      total 24576K, used 24571K [0x00000000eab00000, 0x00000000ed000000, 0x0000000100000000)
  eden space 18944K, 100% used [0x00000000eab00000,0x00000000ebd80000,0x00000000ebd80000)
  from space 5632K, 99% used [0x00000000ec580000,0x00000000ecafec80,0x00000000ecb00000)
  to   space 8192K, 0% used [0x00000000ebd80000,0x00000000ebd80000,0x00000000ec580000)
 ParOldGen       total 129536K, used 14490K [0x00000000c0000000, 0x00000000c7e80000, 0x00000000eab00000)
  object space 129536K, 11% used [0x00000000c0000000,0x00000000c0e26a90,0x00000000c7e80000)
 Metaspace       used 5782K, capacity 6832K, committed 7040K, reserved 1056768K
  class space    used 589K, capacity 616K, committed 640K, reserved 1048576K
Event: 2.074 GC heap after
Heap after GC invocations=13 (full 0):
 PSYoungGen      total 27136K, used 7673K [0x00000000eab00000, 0x00000000edc00000, 0x0000000100000000)
  eden space 18944K, 0% used [0x00000000eab00000,0x00000000eab00000,0x00000000ebd80000)
  from space 8192K, 93% used [0x00000000ebd80000,0x00000000ec4fe710,0x00000000ec580000)
  to   space 9728K, 0% used [0x00000000ed280000,0x00000000ed280000,0x00000000edc00000)
 ParOldGen       total 129536K, used 19402K [0x00000000c0000000, 0x00000000c7e80000, 0x00000000eab00000)
  object space 129536K, 14% used [0x00000000c0000000,0x00000000c12f2a90,0x00000000c7e80000)
 Metaspace       used 5782K, capacity 6832K, committed 7040K, reserved 1056768K
  class space    used 589K, capacity 616K, committed 640K, reserved 1048576K
}
Event: 2.151 GC heap before
{Heap before GC invocations=14 (full 0):
 PSYoungGen      total 27136K, used 26617K [0x00000000eab00000, 0x00000000edc00000, 0x0000000100000000)
  eden space 18944K, 100% used [0x00000000eab00000,0x00000000ebd80000,0x00000000ebd80000)
  from space 8192K, 93% used [0x00000000ebd80000,0x00000000ec4fe710,0x00000000ec580000)
  to   space 9728K, 0% used [0x00000000ed280000,0x00000000ed280000,0x00000000edc00000)
 ParOldGen       total 129536K, used 19402K [0x00000000c0000000, 0x00000000c7e80000, 0x00000000eab00000)
  object space 129536K, 14% used [0x00000000c0000000,0x00000000c12f2a90,0x00000000c7e80000)
 Metaspace       used 5810K, capacity 6832K, committed 7040K, reserved 1056768K
  class space    used 591K, capacity 616K, committed 640K, reserved 1048576K
Event: 2.175 GC heap after
Heap after GC invocations=14 (full 0):
 PSYoungGen      total 40448K, used 5440K [0x00000000eab00000, 0x00000000edc00000, 0x0000000100000000)
  eden space 30720K, 0% used [0x00000000eab00000,0x00000000eab00000,0x00000000ec900000)
  from space 9728K, 55% used [0x00000000ed280000,0x00000000ed7d0000,0x00000000edc00000)
  to   space 9728K, 0% used [0x00000000ec900000,0x00000000ec900000,0x00000000ed280000)
 ParOldGen       total 129536K, used 26405K [0x00000000c0000000, 0x00000000c7e80000, 0x00000000eab00000)
  object space 129536K, 20% used [0x00000000c0000000,0x00000000c19c9588,0x00000000c7e80000)
 Metaspace       used 5810K, capacity 6832K, committed 7040K, reserved 1056768K
  class space    used 591K, capacity 616K, committed 640K, reserved 1048576K
}
Event: 2.308 GC heap before
{Heap before GC invocations=15 (full 0):
 PSYoungGen      total 40448K, used 36160K [0x00000000eab00000, 0x00000000edc00000, 0x0000000100000000)
  eden space 30720K, 100% used [0x00000000eab00000,0x00000000ec900000,0x00000000ec900000)
  from space 9728K, 55% used [0x00000000ed280000,0x00000000ed7d0000,0x00000000edc00000)
  to   space 9728K, 0% used [0x00000000ec900000,0x00000000ec900000,0x00000000ed280000)
 ParOldGen       total 129536K, used 26405K [0x00000000c0000000, 0x00000000c7e80000, 0x00000000eab00000)
  object space 129536K, 20% used [0x00000000c0000000,0x00000000c19c9588,0x00000000c7e80000)
 Metaspace       used 5831K, capacity 6896K, committed 7040K, reserved 1056768K
  class space    used 591K, capacity 616K, committed 640K, reserved 1048576K
Event: 2.349 GC heap after
Heap after GC invocations=15 (full 0):
 PSYoungGen      total 40448K, used 9697K [0x00000000eab00000, 0x00000000ef400000, 0x0000000100000000)
  eden space 30720K, 0% used [0x00000000eab00000,0x00000000eab00000,0x00000000ec900000)
  from space 9728K, 99% used [0x00000000ec900000,0x00000000ed278608,0x00000000ed280000)
  to   space 12800K, 0% used [0x00000000ee780000,0x00000000ee780000,0x00000000ef400000)
 ParOldGen       total 129536K, used 30539K [0x00000000c0000000, 0x00000000c7e80000, 0x00000000eab00000)
  object space 129536K, 23% used [0x00000000c0000000,0x00000000c1dd2cd0,0x00000000c7e80000)
 Metaspace       used 5831K, capacity 6896K, committed 7040K, reserved 1056768K
  class space    used 591K, capacity 616K, committed 640K, reserved 1048576K
}
Event: 2.499 GC heap before
{Heap before GC invocations=16 (full 0):
 PSYoungGen      total 40448K, used 40417K [0x00000000eab00000, 0x00000000ef400000, 0x0000000100000000)
  eden space 30720K, 100% used [0x00000000eab00000,0x00000000ec900000,0x00000000ec900000)
  from space 9728K, 99% used [0x00000000ec900000,0x00000000ed278608,0x00000000ed280000)
  to   space 12800K, 0% used [0x00000000ee780000,0x00000000ee780000,0x00000000ef400000)
 ParOldGen       total 129536K, used 30539K [0x00000000c0000000, 0x00000000c7e80000, 0x00000000eab00000)
  object space 129536K, 23% used [0x00000000c0000000,0x00000000c1dd2cd0,0x00000000c7e80000)
 Metaspace       used 5849K, capacity 6896K, committed 7040K, reserved 1056768K
  class space    used 593K, capacity 616K, committed 640K, reserved 1048576K
Event: 2.563 GC heap after
Heap after GC invocations=16 (full 0):
 PSYoungGen      total 61440K, used 7387K [0x00000000eab00000, 0x00000000ef500000, 0x0000000100000000)
  eden space 48640K, 0% used [0x00000000eab00000,0x00000000eab00000,0x00000000eda80000)
  from space 12800K, 57% used [0x00000000ee780000,0x00000000eeeb6d58,0x00000000ef400000)
  to   space 13312K, 0% used [0x00000000eda80000,0x00000000eda80000,0x00000000ee780000)
 ParOldGen       total 129536K, used 38617K [0x00000000c0000000, 0x00000000c7e80000, 0x00000000eab00000)
  object space 129536K, 29% used [0x00000000c0000000,0x00000000c25b6640,0x00000000c7e80000)
 Metaspace       used 5849K, capacity 6896K, committed 7040K, reserved 1056768K
  class space    used 593K, capacity 616K, committed 640K, reserved 1048576K
}

