# JRE version: Java(TM) SE Runtime Environment (8.0_05-b13) (build 1.8.0_05-b13)
# Java VM: Java HotSpot(TM) 64-Bit Server VM (25.5-b02 mixed mode windows-amd64 compressed oops)
Heap:
 PSYoungGen      total 27648K, used 4064K [0x00000000eab00000, 0x00000000ed100000, 0x0000000100000000)
  eden space 23552K, 0% used [0x00000000eab00000,0x00000000eab00000,0x00000000ec200000)
  from space 4096K, 99% used [0x00000000ec800000,0x00000000ecbf8010,0x00000000ecc00000)
  to   space 6144K, 0% used [0x00000000ec200000,0x00000000ec200000,0x00000000ec800000)
 ParOldGen       total 15360K, used 15321K [0x00000000c0000000, 0x00000000c0f00000, 0x00000000eab00000)
  object space 15360K, 99% used [0x00000000c0000000,0x00000000c0ef6458,0x00000000c0f00000)
 Metaspace       used 6271K, capacity 7152K, committed 7296K, reserved 1058816K
  class space    used 611K, capacity 616K, committed 640K, reserved 1048576K
GC Heap History (10 events):
Event: 1.105 GC heap after
Heap after GC invocations=15 (full 2):
 PSYoungGen      total 19968K, used 2912K [0x00000000eab00000, 0x00000000ec800000, 0x0000000100000000)
  eden space 16896K, 0% used [0x00000000eab00000,0x00000000eab00000,0x00000000ebb80000)
  from space 3072K, 94% used [0x00000000ebb80000,0x00000000ebe58000,0x00000000ebe80000)
  to   space 3584K, 0% used [0x00000000ec480000,0x00000000ec480000,0x00000000ec800000)
 ParOldGen       total 10240K, used 6963K [0x00000000c0000000, 0x00000000c0a00000, 0x00000000eab00000)
  object space 10240K, 68% used [0x00000000c0000000,0x00000000c06ccf80,0x00000000c0a00000)
 Metaspace       used 5948K, capacity 6960K, committed 7040K, reserved 1058816K
  class space    used 593K, capacity 616K, committed 640K, reserved 1048576K
}
Event: 1.170 GC heap before
{Heap before GC invocations=16 (full 2):
 PSYoungGen      total 19968K, used 19808K [0x00000000eab00000, 0x00000000ec800000, 0x0000000100000000)
  eden space 16896K, 100% used [0x00000000eab00000,0x00000000ebb80000,0x00000000ebb80000)
  from space 3072K, 94% used [0x00000000ebb80000,0x00000000ebe58000,0x00000000ebe80000)
  to   space 3584K, 0% used [0x00000000ec480000,0x00000000ec480000,0x00000000ec800000)
 ParOldGen       total 10240K, used 6963K [0x00000000c0000000, 0x00000000c0a00000, 0x00000000eab00000)
  object space 10240K, 68% used [0x00000000c0000000,0x00000000c06ccf80,0x00000000c0a00000)
 Metaspace       used 5987K, capacity 6960K, committed 7040K, reserved 1058816K
  class space    used 593K, capacity 616K, committed 640K, reserved 1048576K
Event: 1.176 GC heap after
Heap after GC invocations=16 (full 2):
 PSYoungGen      total 25600K, used 2992K [0x00000000eab00000, 0x00000000ec900000, 0x0000000100000000)
  eden space 22016K, 0% used [0x00000000eab00000,0x00000000eab00000,0x00000000ec080000)
  from space 3584K, 83% used [0x00000000ec480000,0x00000000ec76c010,0x00000000ec800000)
  to   space 4096K, 0% used [0x00000000ec080000,0x00000000ec080000,0x00000000ec480000)
 ParOldGen       total 10240K, used 9682K [0x00000000c0000000, 0x00000000c0a00000, 0x00000000eab00000)
  object space 10240K, 94% used [0x00000000c0000000,0x00000000c09749a0,0x00000000c0a00000)
 Metaspace       used 5987K, capacity 6960K, committed 7040K, reserved 1058816K
  class space    used 593K, capacity 616K, committed 640K, reserved 1048576K
}
Event: 1.176 GC heap before
{Heap before GC invocations=17 (full 3):
 PSYoungGen      total 25600K, used 2992K [0x00000000eab00000, 0x00000000ec900000, 0x0000000100000000)
  eden space 22016K, 0% used [0x00000000eab00000,0x00000000eab00000,0x00000000ec080000)
  from space 3584K, 83% used [0x00000000ec480000,0x00000000ec76c010,0x00000000ec800000)
  to   space 4096K, 0% used [0x00000000ec080000,0x00000000ec080000,0x00000000ec480000)
 ParOldGen       total 10240K, used 9682K [0x00000000c0000000, 0x00000000c0a00000, 0x00000000eab00000)
  object space 10240K, 94% used [0x00000000c0000000,0x00000000c09749a0,0x00000000c0a00000)
 Metaspace       used 5987K, capacity 6960K, committed 7040K, reserved 1058816K
  class space    used 593K, capacity 616K, committed 640K, reserved 1048576K
Event: 1.361 GC heap after
Heap after GC invocations=17 (full 3):
 PSYoungGen      total 25600K, used 2399K [0x00000000eab00000, 0x00000000ec900000, 0x0000000100000000)
  eden space 22016K, 0% used [0x00000000eab00000,0x00000000eab00000,0x00000000ec080000)
  from space 3584K, 66% used [0x00000000ec480000,0x00000000ec6d7c68,0x00000000ec800000)
  to   space 4096K, 0% used [0x00000000ec080000,0x00000000ec080000,0x00000000ec480000)
 ParOldGen       total 14848K, used 9840K [0x00000000c0000000, 0x00000000c0e80000, 0x00000000eab00000)
  object space 14848K, 66% used [0x00000000c0000000,0x00000000c099c0d0,0x00000000c0e80000)
 Metaspace       used 5987K, capacity 6960K, committed 7040K, reserved 1058816K
  class space    used 593K, capacity 616K, committed 640K, reserved 1048576K
}
Event: 1.504 GC heap before
{Heap before GC invocations=18 (full 3):
 PSYoungGen      total 25600K, used 24415K [0x00000000eab00000, 0x00000000ec900000, 0x0000000100000000)
  eden space 22016K, 100% used [0x00000000eab00000,0x00000000ec080000,0x00000000ec080000)
  from space 3584K, 66% used [0x00000000ec480000,0x00000000ec6d7c68,0x00000000ec800000)
  to   space 4096K, 0% used [0x00000000ec080000,0x00000000ec080000,0x00000000ec480000)
 ParOldGen       total 14848K, used 9840K [0x00000000c0000000, 0x00000000c0e80000, 0x00000000eab00000)
  object space 14848K, 66% used [0x00000000c0000000,0x00000000c099c0d0,0x00000000c0e80000)
 Metaspace       used 6017K, capacity 6960K, committed 7040K, reserved 1058816K
  class space    used 594K, capacity 616K, committed 640K, reserved 1048576K
Event: 1.534 GC heap after
Heap after GC invocations=18 (full 3):
 PSYoungGen      total 26112K, used 3360K [0x00000000eab00000, 0x00000000ecc00000, 0x0000000100000000)
  eden space 22016K, 0% used [0x00000000eab00000,0x00000000eab00000,0x00000000ec080000)
  from space 4096K, 82% used [0x00000000ec080000,0x00000000ec3c8010,0x00000000ec480000)
  to   space 4096K, 0% used [0x00000000ec800000,0x00000000ec800000,0x00000000ecc00000)
 ParOldGen       total 14848K, used 11992K [0x00000000c0000000, 0x00000000c0e80000, 0x00000000eab00000)
  object space 14848K, 80% used [0x00000000c0000000,0x00000000c0bb60f0,0x00000000c0e80000)
 Metaspace       used 6017K, capacity 6960K, committed 7040K, reserved 1058816K
  class space    used 594K, capacity 616K, committed 640K, reserved 1048576K
}
Event: 2.575 GC heap before
{Heap before GC invocations=19 (full 3):
 PSYoungGen      total 26112K, used 25376K [0x00000000eab00000, 0x00000000ecc00000, 0x0000000100000000)
  eden space 22016K, 100% used [0x00000000eab00000,0x00000000ec080000,0x00000000ec080000)
  from space 4096K, 82% used [0x00000000ec080000,0x00000000ec3c8010,0x00000000ec480000)
  to   space 4096K, 0% used [0x00000000ec800000,0x00000000ec800000,0x00000000ecc00000)
 ParOldGen       total 14848K, used 11992K [0x00000000c0000000, 0x00000000c0e80000, 0x00000000eab00000)
  object space 14848K, 80% used [0x00000000c0000000,0x00000000c0bb60f0,0x00000000c0e80000)
 Metaspace       used 6271K, capacity 7152K, committed 7296K, reserved 1058816K
  class space    used 611K, capacity 616K, committed 640K, reserved 1048576K
Event: 2.849 GC heap after
Heap after GC invocations=19 (full 3):
 PSYoungGen      total 27648K, used 4064K [0x00000000eab00000, 0x00000000ed100000, 0x0000000100000000)
  eden space 23552K, 0% used [0x00000000eab00000,0x00000000eab00000,0x00000000ec200000)
  from space 4096K, 99% used [0x00000000ec800000,0x00000000ecbf8010,0x00000000ecc00000)
  to   space 6144K, 0% used [0x00000000ec200000,0x00000000ec200000,0x00000000ec800000)
 ParOldGen       total 15360K, used 15321K [0x00000000c0000000, 0x00000000c0f00000, 0x00000000eab00000)
  object space 15360K, 99% used [0x00000000c0000000,0x00000000c0ef6458,0x00000000c0f00000)
 Metaspace       used 6271K, capacity 7152K, committed 7296K, reserved 1058816K
  class space    used 611K, capacity 616K, committed 640K, reserved 1048576K
}
Event: 2.849 GC heap before
{Heap before GC invocations=20 (full 4):
 PSYoungGen      total 27648K, used 4064K [0x00000000eab00000, 0x00000000ed100000, 0x0000000100000000)
  eden space 23552K, 0% used [0x00000000eab00000,0x00000000eab00000,0x00000000ec200000)
  from space 4096K, 99% used [0x00000000ec800000,0x00000000ecbf8010,0x00000000ecc00000)
  to   space 6144K, 0% used [0x00000000ec200000,0x00000000ec200000,0x00000000ec800000)
 ParOldGen       total 15360K, used 15321K [0x00000000c0000000, 0x00000000c0f00000, 0x00000000eab00000)
  object space 15360K, 99% used [0x00000000c0000000,0x00000000c0ef6458,0x00000000c0f00000)
 Metaspace       used 6271K, capacity 7152K, committed 7296K, reserved 1058816K
  class space    used 611K, capacity 616K, committed 640K, reserved 1048576K

