# JRE version: Java(TM) SE Runtime Environment (8.0_05-b13) (build 1.8.0_05-b13)
# Java VM: Java HotSpot(TM) 64-Bit Server VM (25.5-b02 mixed mode windows-amd64 compressed oops)
Heap:
 PSYoungGen      total 43008K, used 23530K [0x00000000eab00000, 0x00000000ee280000, 0x0000000100000000)
  eden space 33280K, 41% used [0x00000000eab00000,0x00000000eb87e4f8,0x00000000ecb80000)
  from space 9728K, 99% used [0x00000000ed900000,0x00000000ee27c438,0x00000000ee280000)
  to   space 9216K, 0% used [0x00000000ecb80000,0x00000000ecb80000,0x00000000ed480000)
 ParOldGen       total 36352K, used 31537K [0x00000000c0000000, 0x00000000c2380000, 0x00000000eab00000)
  object space 36352K, 86% used [0x00000000c0000000,0x00000000c1ecc438,0x00000000c2380000)
 Metaspace       used 6022K, capacity 6960K, committed 7040K, reserved 1058816K
  class space    used 592K, capacity 616K, committed 640K, reserved 1048576K
GC Heap History (10 events):
Event: 3.160 GC heap before
{Heap before GC invocations=22 (full 5):
 PSYoungGen      total 35840K, used 33254K [0x00000000eab00000, 0x00000000edb00000, 0x0000000100000000)
  eden space 30720K, 100% used [0x00000000eab00000,0x00000000ec900000,0x00000000ec900000)
  from space 5120K, 49% used [0x00000000ed000000,0x00000000ed279aa8,0x00000000ed500000)
  to   space 7168K, 0% used [0x00000000ec900000,0x00000000ec900000,0x00000000ed000000)
 ParOldGen       total 27136K, used 19361K [0x00000000c0000000, 0x00000000c1a80000, 0x00000000eab00000)
  object space 27136K, 71% used [0x00000000c0000000,0x00000000c12e85b8,0x00000000c1a80000)
 Metaspace       used 5975K, capacity 6960K, committed 7040K, reserved 1058816K
  class space    used 592K, capacity 616K, committed 640K, reserved 1048576K
Event: 3.168 GC heap after
Heap after GC invocations=22 (full 5):
 PSYoungGen      total 37888K, used 4468K [0x00000000eab00000, 0x00000000edb80000, 0x0000000100000000)
  eden space 30720K, 0% used [0x00000000eab00000,0x00000000eab00000,0x00000000ec900000)
  from space 7168K, 62% used [0x00000000ec900000,0x00000000ecd5d2a8,0x00000000ed000000)
  to   space 7168K, 0% used [0x00000000ed480000,0x00000000ed480000,0x00000000edb80000)
 ParOldGen       total 27136K, used 21934K [0x00000000c0000000, 0x00000000c1a80000, 0x00000000eab00000)
  object space 27136K, 80% used [0x00000000c0000000,0x00000000c156bb00,0x00000000c1a80000)
 Metaspace       used 5975K, capacity 6960K, committed 7040K, reserved 1058816K
  class space    used 592K, capacity 616K, committed 640K, reserved 1048576K
}
Event: 3.256 GC heap before
{Heap before GC invocations=23 (full 5):
 PSYoungGen      total 37888K, used 35188K [0x00000000eab00000, 0x00000000edb80000, 0x0000000100000000)
  eden space 30720K, 100% used [0x00000000eab00000,0x00000000ec900000,0x00000000ec900000)
  from space 7168K, 62% used [0x00000000ec900000,0x00000000ecd5d2a8,0x00000000ed000000)
  to   space 7168K, 0% used [0x00000000ed480000,0x00000000ed480000,0x00000000edb80000)
 ParOldGen       total 27136K, used 21934K [0x00000000c0000000, 0x00000000c1a80000, 0x00000000eab00000)
  object space 27136K, 80% used [0x00000000c0000000,0x00000000c156bb00,0x00000000c1a80000)
 Metaspace       used 5994K, capacity 6960K, committed 7040K, reserved 1058816K
  class space    used 592K, capacity 616K, committed 640K, reserved 1048576K
Event: 3.294 GC heap after
Heap after GC invocations=23 (full 5):
 PSYoungGen      total 40448K, used 7156K [0x00000000eab00000, 0x00000000ee000000, 0x0000000100000000)
  eden space 33280K, 0% used [0x00000000eab00000,0x00000000eab00000,0x00000000ecb80000)
  from space 7168K, 99% used [0x00000000ed480000,0x00000000edb7d2a0,0x00000000edb80000)
  to   space 9216K, 0% used [0x00000000ecb80000,0x00000000ecb80000,0x00000000ed480000)
 ParOldGen       total 27136K, used 23690K [0x00000000c0000000, 0x00000000c1a80000, 0x00000000eab00000)
  object space 27136K, 87% used [0x00000000c0000000,0x00000000c17228d0,0x00000000c1a80000)
 Metaspace       used 5994K, capacity 6960K, committed 7040K, reserved 1058816K
  class space    used 592K, capacity 616K, committed 640K, reserved 1048576K
}
Event: 3.295 GC heap before
{Heap before GC invocations=24 (full 6):
 PSYoungGen      total 40448K, used 7156K [0x00000000eab00000, 0x00000000ee000000, 0x0000000100000000)
  eden space 33280K, 0% used [0x00000000eab00000,0x00000000eab00000,0x00000000ecb80000)
  from space 7168K, 99% used [0x00000000ed480000,0x00000000edb7d2a0,0x00000000edb80000)
  to   space 9216K, 0% used [0x00000000ecb80000,0x00000000ecb80000,0x00000000ed480000)
 ParOldGen       total 27136K, used 23690K [0x00000000c0000000, 0x00000000c1a80000, 0x00000000eab00000)
  object space 27136K, 87% used [0x00000000c0000000,0x00000000c17228d0,0x00000000c1a80000)
 Metaspace       used 5994K, capacity 6960K, committed 7040K, reserved 1058816K
  class space    used 592K, capacity 616K, committed 640K, reserved 1048576K
Event: 6.083 GC heap after
Heap after GC invocations=24 (full 6):
 PSYoungGen      total 40448K, used 3050K [0x00000000eab00000, 0x00000000ee000000, 0x0000000100000000)
  eden space 33280K, 0% used [0x00000000eab00000,0x00000000eab00000,0x00000000ecb80000)
  from space 7168K, 42% used [0x00000000ed480000,0x00000000ed77a850,0x00000000edb80000)
  to   space 9216K, 0% used [0x00000000ecb80000,0x00000000ecb80000,0x00000000ed480000)
 ParOldGen       total 36352K, used 27101K [0x00000000c0000000, 0x00000000c2380000, 0x00000000eab00000)
  object space 36352K, 74% used [0x00000000c0000000,0x00000000c1a77668,0x00000000c2380000)
 Metaspace       used 5994K, capacity 6960K, committed 7040K, reserved 1058816K
  class space    used 592K, capacity 616K, committed 640K, reserved 1048576K
}
Event: 6.361 GC heap before
{Heap before GC invocations=25 (full 6):
 PSYoungGen      total 40448K, used 36330K [0x00000000eab00000, 0x00000000ee000000, 0x0000000100000000)
  eden space 33280K, 100% used [0x00000000eab00000,0x00000000ecb80000,0x00000000ecb80000)
  from space 7168K, 42% used [0x00000000ed480000,0x00000000ed77a850,0x00000000edb80000)
  to   space 9216K, 0% used [0x00000000ecb80000,0x00000000ecb80000,0x00000000ed480000)
 ParOldGen       total 36352K, used 27101K [0x00000000c0000000, 0x00000000c2380000, 0x00000000eab00000)
  object space 36352K, 74% used [0x00000000c0000000,0x00000000c1a77668,0x00000000c2380000)
 Metaspace       used 6011K, capacity 6960K, committed 7040K, reserved 1058816K
  class space    used 592K, capacity 616K, committed 640K, reserved 1048576K
Event: 6.702 GC heap after
Heap after GC invocations=25 (full 6):
 PSYoungGen      total 42496K, used 5749K [0x00000000eab00000, 0x00000000ee280000, 0x0000000100000000)
  eden space 33280K, 0% used [0x00000000eab00000,0x00000000eab00000,0x00000000ecb80000)
  from space 9216K, 62% used [0x00000000ecb80000,0x00000000ed11d690,0x00000000ed480000)
  to   space 9728K, 0% used [0x00000000ed900000,0x00000000ed900000,0x00000000ee280000)
 ParOldGen       total 36352K, used 30195K [0x00000000c0000000, 0x00000000c2380000, 0x00000000eab00000)
  object space 36352K, 83% used [0x00000000c0000000,0x00000000c1d7ccf0,0x00000000c2380000)
 Metaspace       used 6011K, capacity 6960K, committed 7040K, reserved 1058816K
  class space    used 592K, capacity 616K, committed 640K, reserved 1048576K
}
Event: 6.786 GC heap before
{Heap before GC invocations=26 (full 6):
 PSYoungGen      total 42496K, used 39029K [0x00000000eab00000, 0x00000000ee280000, 0x0000000100000000)
  eden space 33280K, 100% used [0x00000000eab00000,0x00000000ecb80000,0x00000000ecb80000)
  from space 9216K, 62% used [0x00000000ecb80000,0x00000000ed11d690,0x00000000ed480000)
  to   space 9728K, 0% used [0x00000000ed900000,0x00000000ed900000,0x00000000ee280000)
 ParOldGen       total 36352K, used 30195K [0x00000000c0000000, 0x00000000c2380000, 0x00000000eab00000)
  object space 36352K, 83% used [0x00000000c0000000,0x00000000c1d7ccf0,0x00000000c2380000)
 Metaspace       used 6019K, capacity 6960K, committed 7040K, reserved 1058816K
  class space    used 592K, capacity 616K, committed 640K, reserved 1048576K
Event: 7.426 GC heap after
Heap after GC invocations=26 (full 6):
 PSYoungGen      total 43008K, used 9713K [0x00000000eab00000, 0x00000000ee280000, 0x0000000100000000)
  eden space 33280K, 0% used [0x00000000eab00000,0x00000000eab00000,0x00000000ecb80000)
  from space 9728K, 99% used [0x00000000ed900000,0x00000000ee27c438,0x00000000ee280000)
  to   space 9216K, 0% used [0x00000000ecb80000,0x00000000ecb80000,0x00000000ed480000)
 ParOldGen       total 36352K, used 31537K [0x00000000c0000000, 0x00000000c2380000, 0x00000000eab00000)
  object space 36352K, 86% used [0x00000000c0000000,0x00000000c1ecc438,0x00000000c2380000)
 Metaspace       used 6019K, capacity 6960K, committed 7040K, reserved 1058816K
  class space    used 592K, capacity 616K, committed 640K, reserved 1048576K
}

