# JRE version: Java(TM) SE Runtime Environment (8.0_05-b13) (build 1.8.0_05-b13)
# Java VM: Java HotSpot(TM) 64-Bit Server VM (25.5-b02 mixed mode windows-amd64 compressed oops)
Heap:
 PSYoungGen      total 29696K, used 29696K [0x00000000eab00000, 0x00000000ed180000, 0x0000000100000000)
  eden space 23040K, 100% used [0x00000000eab00000,0x00000000ec180000,0x00000000ec180000)
  from space 6656K, 100% used [0x00000000ec900000,0x00000000ecf80000,0x00000000ecf80000)
  to   space 7680K, 100% used [0x00000000ec180000,0x00000000ec900000,0x00000000ec900000)
 ParOldGen       total 31232K, used 23456K [0x00000000c0000000, 0x00000000c1e80000, 0x00000000eab00000)
  object space 31232K, 75% used [0x00000000c0000000,0x00000000c16e8168,0x00000000c1e80000)
 Metaspace       used 6039K, capacity 6936K, committed 7168K, reserved 1058816K
  class space    used 604K, capacity 656K, committed 768K, reserved 1048576K
GC Heap History (10 events):
Event: 3.487 GC heap before
{Heap before GC invocations=25 (full 4):
 PSYoungGen      total 23040K, used 23025K [0x00000000eab00000, 0x00000000ec680000, 0x0000000100000000)
  eden space 18944K, 100% used [0x00000000eab00000,0x00000000ebd80000,0x00000000ebd80000)
  from space 4096K, 99% used [0x00000000ec200000,0x00000000ec5fc5c8,0x00000000ec600000)
  to   space 4608K, 0% used [0x00000000ebd80000,0x00000000ebd80000,0x00000000ec200000)
 ParOldGen       total 22528K, used 15359K [0x00000000c0000000, 0x00000000c1600000, 0x00000000eab00000)
  object space 22528K, 68% used [0x00000000c0000000,0x00000000c0effca0,0x00000000c1600000)
 Metaspace       used 5928K, capacity 6896K, committed 7040K, reserved 1058816K
  class space    used 584K, capacity 616K, committed 640K, reserved 1048576K
Event: 3.524 GC heap after
Heap after GC invocations=25 (full 4):
 PSYoungGen      total 23552K, used 4608K [0x00000000eab00000, 0x00000000ecc00000, 0x0000000100000000)
  eden space 18944K, 0% used [0x00000000eab00000,0x00000000eab00000,0x00000000ebd80000)
  from space 4608K, 100% used [0x00000000ebd80000,0x00000000ec200000,0x00000000ec200000)
  to   space 6144K, 0% used [0x00000000ec600000,0x00000000ec600000,0x00000000ecc00000)
 ParOldGen       total 22528K, used 16927K [0x00000000c0000000, 0x00000000c1600000, 0x00000000eab00000)
  object space 22528K, 75% used [0x00000000c0000000,0x00000000c1087f80,0x00000000c1600000)
 Metaspace       used 5928K, capacity 6896K, committed 7040K, reserved 1058816K
  class space    used 584K, capacity 616K, committed 640K, reserved 1048576K
}
Event: 3.597 GC heap before
{Heap before GC invocations=26 (full 4):
 PSYoungGen      total 23552K, used 23551K [0x00000000eab00000, 0x00000000ecc00000, 0x0000000100000000)
  eden space 18944K, 99% used [0x00000000eab00000,0x00000000ebd7fff0,0x00000000ebd80000)
  from space 4608K, 100% used [0x00000000ebd80000,0x00000000ec200000,0x00000000ec200000)
  to   space 6144K, 0% used [0x00000000ec600000,0x00000000ec600000,0x00000000ecc00000)
 ParOldGen       total 22528K, used 16927K [0x00000000c0000000, 0x00000000c1600000, 0x00000000eab00000)
  object space 22528K, 75% used [0x00000000c0000000,0x00000000c1087f80,0x00000000c1600000)
 Metaspace       used 5930K, capacity 6896K, committed 7040K, reserved 1058816K
  class space    used 584K, capacity 616K, committed 640K, reserved 1048576K
Event: 3.646 GC heap after
Heap after GC invocations=26 (full 4):
 PSYoungGen      total 27648K, used 4256K [0x00000000eab00000, 0x00000000ecc80000, 0x0000000100000000)
  eden space 21504K, 0% used [0x00000000eab00000,0x00000000eab00000,0x00000000ec000000)
  from space 6144K, 69% used [0x00000000ec600000,0x00000000eca28000,0x00000000ecc00000)
  to   space 6144K, 0% used [0x00000000ec000000,0x00000000ec000000,0x00000000ec600000)
 ParOldGen       total 22528K, used 19423K [0x00000000c0000000, 0x00000000c1600000, 0x00000000eab00000)
  object space 22528K, 86% used [0x00000000c0000000,0x00000000c12f7e08,0x00000000c1600000)
 Metaspace       used 5930K, capacity 6896K, committed 7040K, reserved 1058816K
  class space    used 584K, capacity 616K, committed 640K, reserved 1048576K
}
Event: 3.646 GC heap before
{Heap before GC invocations=27 (full 5):
 PSYoungGen      total 27648K, used 4256K [0x00000000eab00000, 0x00000000ecc80000, 0x0000000100000000)
  eden space 21504K, 0% used [0x00000000eab00000,0x00000000eab00000,0x00000000ec000000)
  from space 6144K, 69% used [0x00000000ec600000,0x00000000eca28000,0x00000000ecc00000)
  to   space 6144K, 0% used [0x00000000ec000000,0x00000000ec000000,0x00000000ec600000)
 ParOldGen       total 22528K, used 19423K [0x00000000c0000000, 0x00000000c1600000, 0x00000000eab00000)
  object space 22528K, 86% used [0x00000000c0000000,0x00000000c12f7e08,0x00000000c1600000)
 Metaspace       used 5930K, capacity 6896K, committed 7040K, reserved 1058816K
  class space    used 584K, capacity 616K, committed 640K, reserved 1048576K
Event: 4.985 GC heap after
Heap after GC invocations=27 (full 5):
 PSYoungGen      total 27648K, used 1072K [0x00000000eab00000, 0x00000000ecc80000, 0x0000000100000000)
  eden space 21504K, 0% used [0x00000000eab00000,0x00000000eab00000,0x00000000ec000000)
  from space 6144K, 17% used [0x00000000ec600000,0x00000000ec70c2e0,0x00000000ecc00000)
  to   space 6144K, 0% used [0x00000000ec000000,0x00000000ec000000,0x00000000ec600000)
 ParOldGen       total 31232K, used 22061K [0x00000000c0000000, 0x00000000c1e80000, 0x00000000eab00000)
  object space 31232K, 70% used [0x00000000c0000000,0x00000000c158b500,0x00000000c1e80000)
 Metaspace       used 5930K, capacity 6896K, committed 7040K, reserved 1058816K
  class space    used 584K, capacity 616K, committed 640K, reserved 1048576K
}
Event: 6.075 GC heap before
{Heap before GC invocations=28 (full 5):
 PSYoungGen      total 27648K, used 22576K [0x00000000eab00000, 0x00000000ecc80000, 0x0000000100000000)
  eden space 21504K, 100% used [0x00000000eab00000,0x00000000ec000000,0x00000000ec000000)
  from space 6144K, 17% used [0x00000000ec600000,0x00000000ec70c2e0,0x00000000ecc00000)
  to   space 6144K, 0% used [0x00000000ec000000,0x00000000ec000000,0x00000000ec600000)
 ParOldGen       total 31232K, used 22061K [0x00000000c0000000, 0x00000000c1e80000, 0x00000000eab00000)
  object space 31232K, 70% used [0x00000000c0000000,0x00000000c158b500,0x00000000c1e80000)
 Metaspace       used 5934K, capacity 6896K, committed 7040K, reserved 1058816K
  class space    used 584K, capacity 616K, committed 640K, reserved 1048576K
Event: 6.233 GC heap after
Heap after GC invocations=28 (full 5):
 PSYoungGen      total 27648K, used 3712K [0x00000000eab00000, 0x00000000ecf80000, 0x0000000100000000)
  eden space 21504K, 0% used [0x00000000eab00000,0x00000000eab00000,0x00000000ec000000)
  from space 6144K, 60% used [0x00000000ec000000,0x00000000ec3a0000,0x00000000ec600000)
  to   space 6656K, 0% used [0x00000000ec900000,0x00000000ec900000,0x00000000ecf80000)
 ParOldGen       total 31232K, used 22061K [0x00000000c0000000, 0x00000000c1e80000, 0x00000000eab00000)
  object space 31232K, 70% used [0x00000000c0000000,0x00000000c158b500,0x00000000c1e80000)
 Metaspace       used 5934K, capacity 6896K, committed 7040K, reserved 1058816K
  class space    used 584K, capacity 616K, committed 640K, reserved 1048576K
}
Event: 6.695 GC heap before
{Heap before GC invocations=29 (full 5):
 PSYoungGen      total 27648K, used 25216K [0x00000000eab00000, 0x00000000ecf80000, 0x0000000100000000)
  eden space 21504K, 100% used [0x00000000eab00000,0x00000000ec000000,0x00000000ec000000)
  from space 6144K, 60% used [0x00000000ec000000,0x00000000ec3a0000,0x00000000ec600000)
  to   space 6656K, 0% used [0x00000000ec900000,0x00000000ec900000,0x00000000ecf80000)
 ParOldGen       total 31232K, used 22061K [0x00000000c0000000, 0x00000000c1e80000, 0x00000000eab00000)
  object space 31232K, 70% used [0x00000000c0000000,0x00000000c158b500,0x00000000c1e80000)
 Metaspace       used 6034K, capacity 6936K, committed 7168K, reserved 1058816K
  class space    used 604K, capacity 656K, committed 768K, reserved 1048576K
Event: 6.798 GC heap after
Heap after GC invocations=29 (full 5):
 PSYoungGen      total 29696K, used 6656K [0x00000000eab00000, 0x00000000ed180000, 0x0000000100000000)
  eden space 23040K, 0% used [0x00000000eab00000,0x00000000eab00000,0x00000000ec180000)
  from space 6656K, 100% used [0x00000000ec900000,0x00000000ecf80000,0x00000000ecf80000)
  to   space 7680K, 0% used [0x00000000ec180000,0x00000000ec180000,0x00000000ec900000)
 ParOldGen       total 31232K, used 22085K [0x00000000c0000000, 0x00000000c1e80000, 0x00000000eab00000)
  object space 31232K, 70% used [0x00000000c0000000,0x00000000c1591500,0x00000000c1e80000)
 Metaspace       used 6034K, capacity 6936K, committed 7168K, reserved 1058816K
  class space    used 604K, capacity 656K, committed 768K, reserved 1048576K
}

